[2023-06-27T17:22:26+08:00][sql] CONNECT:[ UseTime:0.002109s ] mysql:host=127.0.0.1;port=3306;dbname=yiyanyun;charset=utf8
[2023-06-27T17:22:26+08:00][sql] SHOW FULL COLUMNS FROM `yi_admin` [ RunTime:0.005779s ]
[2023-06-27T17:22:26+08:00][sql] SELECT * FROM `yi_admin` WHERE  `user` = 'admin'  AND `password` = '123456' LIMIT 1 [ RunTime:0.000871s ]
[2023-06-27T17:22:26+08:00][sql] SHOW FULL COLUMNS FROM `yi_alog` [ RunTime:0.001628s ]
[2023-06-27T17:22:26+08:00][sql] INSERT INTO `yi_alog` SET `ip` = '127.0.0.1' , `time` = '1687857746' , `type` = '登录' [ RunTime:0.000716s ]
[2023-06-27T17:22:26+08:00][sql] INSERT INTO `yi_alog` SET `ip` = '127.0.0.1' , `time` = '1687857746' , `type` = '登录' [ RunTime:0.000475s ]
[2023-06-27T17:22:29+08:00][sql] CONNECT:[ UseTime:0.001610s ] mysql:host=127.0.0.1;port=3306;dbname=yiyanyun;charset=utf8
[2023-06-27T17:22:29+08:00][sql] SHOW FULL COLUMNS FROM `yi_user` [ RunTime:0.001672s ]
[2023-06-27T17:22:29+08:00][sql] SELECT COUNT(*) AS think_count FROM `yi_user` LIMIT 1 [ RunTime:0.000475s ]
[2023-06-27T17:22:29+08:00][sql] SHOW FULL COLUMNS FROM `yi_project` [ RunTime:0.002293s ]
[2023-06-27T17:22:29+08:00][sql] SELECT COUNT(*) AS think_count FROM `yi_project` LIMIT 1 [ RunTime:0.001133s ]
[2023-06-27T17:22:29+08:00][sql] SHOW FULL COLUMNS FROM `yi_scode` [ RunTime:0.001498s ]
[2023-06-27T17:22:29+08:00][sql] SELECT COUNT(*) AS think_count FROM `yi_scode` LIMIT 1 [ RunTime:0.000497s ]
[2023-06-27T17:22:29+08:00][sql] SHOW FULL COLUMNS FROM `yi_dcode` [ RunTime:0.001414s ]
[2023-06-27T17:22:29+08:00][sql] SELECT COUNT(*) AS think_count FROM `yi_dcode` LIMIT 1 [ RunTime:0.000819s ]
[2023-06-27T17:22:29+08:00][sql] SELECT COUNT(*) AS think_count FROM `yi_scode` WHERE  `use_time` IS NULL LIMIT 1 [ RunTime:0.000400s ]
[2023-06-27T17:22:29+08:00][sql] SELECT COUNT(*) AS think_count FROM `yi_dcode` WHERE  `use_time` IS NULL LIMIT 1 [ RunTime:0.000254s ]
[2023-06-27T17:22:29+08:00][sql] SHOW FULL COLUMNS FROM `yi_agent` [ RunTime:0.003104s ]
[2023-06-27T17:22:29+08:00][sql] SELECT COUNT(*) AS think_count FROM `yi_agent` LIMIT 1 [ RunTime:0.001497s ]
[2023-06-27T17:22:29+08:00][sql] SELECT COUNT(*) AS think_count FROM `yi_user` WHERE  `vip` IS NULL LIMIT 1 [ RunTime:0.000715s ]
[2023-06-27T17:22:29+08:00][sql] SHOW FULL COLUMNS FROM `yi_user_log` [ RunTime:0.002135s ]
[2023-06-27T17:22:29+08:00][sql] SELECT * FROM `yi_user_log` ORDER BY `id` DESC LIMIT 5 [ RunTime:0.000923s ]
[2023-06-27T17:22:44+08:00][sql] CONNECT:[ UseTime:0.001787s ] mysql:host=127.0.0.1;port=3306;dbname=yiyanyun;charset=utf8
[2023-06-27T17:22:44+08:00][sql] SHOW FULL COLUMNS FROM `yi_project` [ RunTime:0.003885s ]
[2023-06-27T17:22:44+08:00][sql] SELECT COUNT(*) AS think_count FROM `yi_project` LIMIT 1 [ RunTime:0.000386s ]
[2023-06-27T17:22:52+08:00][sql] CONNECT:[ UseTime:0.001528s ] mysql:host=127.0.0.1;port=3306;dbname=yiyanyun;charset=utf8
[2023-06-27T17:22:52+08:00][sql] SHOW FULL COLUMNS FROM `yi_user` [ RunTime:0.001297s ]
[2023-06-27T17:22:52+08:00][sql] SELECT COUNT(*) AS think_count FROM `yi_user` LIMIT 1 [ RunTime:0.000359s ]
[2023-06-27T17:22:52+08:00][sql] SHOW FULL COLUMNS FROM `yi_project` [ RunTime:0.001895s ]
[2023-06-27T17:22:52+08:00][sql] SELECT COUNT(*) AS think_count FROM `yi_project` LIMIT 1 [ RunTime:0.000438s ]
[2023-06-27T17:22:52+08:00][sql] SHOW FULL COLUMNS FROM `yi_scode` [ RunTime:0.001887s ]
[2023-06-27T17:22:52+08:00][sql] SELECT COUNT(*) AS think_count FROM `yi_scode` LIMIT 1 [ RunTime:0.000335s ]
[2023-06-27T17:22:52+08:00][sql] SHOW FULL COLUMNS FROM `yi_dcode` [ RunTime:0.001279s ]
[2023-06-27T17:22:52+08:00][sql] SELECT COUNT(*) AS think_count FROM `yi_dcode` LIMIT 1 [ RunTime:0.000484s ]
[2023-06-27T17:22:52+08:00][sql] SELECT COUNT(*) AS think_count FROM `yi_scode` WHERE  `use_time` IS NULL LIMIT 1 [ RunTime:0.000293s ]
[2023-06-27T17:22:52+08:00][sql] SELECT COUNT(*) AS think_count FROM `yi_dcode` WHERE  `use_time` IS NULL LIMIT 1 [ RunTime:0.000248s ]
[2023-06-27T17:22:52+08:00][sql] SHOW FULL COLUMNS FROM `yi_agent` [ RunTime:0.001091s ]
[2023-06-27T17:22:52+08:00][sql] SELECT COUNT(*) AS think_count FROM `yi_agent` LIMIT 1 [ RunTime:0.000282s ]
[2023-06-27T17:22:52+08:00][sql] SELECT COUNT(*) AS think_count FROM `yi_user` WHERE  `vip` IS NULL LIMIT 1 [ RunTime:0.001204s ]
[2023-06-27T17:22:52+08:00][sql] SHOW FULL COLUMNS FROM `yi_user_log` [ RunTime:0.002194s ]
[2023-06-27T17:22:52+08:00][sql] SELECT * FROM `yi_user_log` ORDER BY `id` DESC LIMIT 5 [ RunTime:0.000419s ]
